  [4;36;1mSQL (0.0ms)[0m   [0;1m SELECT name
 FROM sqlite_master
 WHERE type = 'table' AND NOT name = 'sqlite_sequence'
[0m
  [4;35;1mSQL (0.0ms)[0m   [0mselect sqlite_version(*)[0m
  [4;36;1mSQL (15.6ms)[0m   [0;1mCREATE TABLE "schema_migrations" ("version" varchar(255) NOT NULL) [0m
  [4;35;1mSQL (0.0ms)[0m   [0mCREATE UNIQUE INDEX "unique_schema_migrations" ON "schema_migrations" ("version")[0m
  [4;36;1mSQL (0.0ms)[0m   [0;1m SELECT name
 FROM sqlite_master
 WHERE type = 'table' AND NOT name = 'sqlite_sequence'
[0m
  [4;35;1mSQL (0.0ms)[0m   [0mSELECT version FROM schema_migrations[0m
Migrating to CreateServiceMasters (20100203005323)
  [4;36;1mSQL (0.0ms)[0m   [0;1m SELECT name
 FROM sqlite_master
 WHERE type = 'table' AND NOT name = 'sqlite_sequence'
[0m
  [4;35;1mSQL (0.0ms)[0m   [0mSELECT version FROM schema_migrations[0m
Migrating to CreateServiceMasters (20100203005323)
  [4;36;1mSQL (0.0ms)[0m   [0;1mselect sqlite_version(*)[0m
  [4;35;1mSQL (0.0ms)[0m   [0mCREATE TABLE "service_masters" ("id" INTEGER PRIMARY KEY AUTOINCREMENT NOT NULL, "service_desc" varchar(255), "hrs_est" decimal, "hrs_actual" decimal, "servicer" varchar(255), "total_cost" decimal, "status_code" varchar(1), "created_at" datetime, "updated_at" datetime) [0m
  [4;36;1mSQL (0.0ms)[0m   [0;1mINSERT INTO schema_migrations (version) VALUES ('20100203005323')[0m
  [4;35;1mSQL (0.0ms)[0m   [0m SELECT name
 FROM sqlite_master
 WHERE type = 'table' AND NOT name = 'sqlite_sequence'
[0m
  [4;36;1mSQL (0.0ms)[0m   [0;1mSELECT version FROM schema_migrations[0m
  [4;35;1mSQL (0.0ms)[0m   [0m SELECT name
 FROM sqlite_master
 WHERE type = 'table' AND NOT name = 'sqlite_sequence'
[0m
  [4;36;1mSQL (0.0ms)[0m   [0;1mPRAGMA index_list("service_masters")[0m


Processing ApplicationController#index (for 127.0.0.1 at 2010-02-02 18:58:00) [GET]

ActionController::RoutingError (No route matches "/serivice" with {:method=>:get}):
  C:/Ruby/lib/ruby/1.8/webrick/httpserver.rb:104:in `service'
  C:/Ruby/lib/ruby/1.8/webrick/httpserver.rb:65:in `run'
  C:/Ruby/lib/ruby/1.8/webrick/server.rb:173:in `start_thread'
  C:/Ruby/lib/ruby/1.8/webrick/server.rb:162:in `start'
  C:/Ruby/lib/ruby/1.8/webrick/server.rb:162:in `start_thread'
  C:/Ruby/lib/ruby/1.8/webrick/server.rb:95:in `start'
  C:/Ruby/lib/ruby/1.8/webrick/server.rb:92:in `each'
  C:/Ruby/lib/ruby/1.8/webrick/server.rb:92:in `start'
  C:/Ruby/lib/ruby/1.8/webrick/server.rb:23:in `start'
  C:/Ruby/lib/ruby/1.8/webrick/server.rb:82:in `start'

Rendering rescues/layout (not_found)


Processing ApplicationController#index (for 127.0.0.1 at 2010-02-02 18:58:07) [GET]

ActionController::RoutingError (No route matches "/service" with {:method=>:get}):
  C:/Ruby/lib/ruby/1.8/webrick/httpserver.rb:104:in `service'
  C:/Ruby/lib/ruby/1.8/webrick/httpserver.rb:65:in `run'
  C:/Ruby/lib/ruby/1.8/webrick/server.rb:173:in `start_thread'
  C:/Ruby/lib/ruby/1.8/webrick/server.rb:162:in `start'
  C:/Ruby/lib/ruby/1.8/webrick/server.rb:162:in `start_thread'
  C:/Ruby/lib/ruby/1.8/webrick/server.rb:95:in `start'
  C:/Ruby/lib/ruby/1.8/webrick/server.rb:92:in `each'
  C:/Ruby/lib/ruby/1.8/webrick/server.rb:92:in `start'
  C:/Ruby/lib/ruby/1.8/webrick/server.rb:23:in `start'
  C:/Ruby/lib/ruby/1.8/webrick/server.rb:82:in `start'

Rendering rescues/layout (not_found)


Processing ApplicationController#index (for 127.0.0.1 at 2010-02-02 18:58:53) [GET]

ActionController::RoutingError (No route matches "/service_master" with {:method=>:get}):
  C:/Ruby/lib/ruby/1.8/webrick/httpserver.rb:104:in `service'
  C:/Ruby/lib/ruby/1.8/webrick/httpserver.rb:65:in `run'
  C:/Ruby/lib/ruby/1.8/webrick/server.rb:173:in `start_thread'
  C:/Ruby/lib/ruby/1.8/webrick/server.rb:162:in `start'
  C:/Ruby/lib/ruby/1.8/webrick/server.rb:162:in `start_thread'
  C:/Ruby/lib/ruby/1.8/webrick/server.rb:95:in `start'
  C:/Ruby/lib/ruby/1.8/webrick/server.rb:92:in `each'
  C:/Ruby/lib/ruby/1.8/webrick/server.rb:92:in `start'
  C:/Ruby/lib/ruby/1.8/webrick/server.rb:23:in `start'
  C:/Ruby/lib/ruby/1.8/webrick/server.rb:82:in `start'

Rendering rescues/layout (not_found)


Processing ServiceMastersController#index (for 127.0.0.1 at 2010-02-02 18:58:59) [GET]
  [4;36;1mServiceMaster Load (1.0ms)[0m   [0;1mSELECT * FROM "service_masters" [0m
Rendering template within layouts/service_masters
Rendering service_masters/index
Completed in 2533ms (View: 2521, DB: 1) | 200 OK [http://localhost/service_masters]


Processing ServiceMastersController#new (for 127.0.0.1 at 2010-02-02 18:59:05) [GET]
Rendering template within layouts/service_masters
Rendering service_masters/new
Completed in 42ms (View: 29, DB: 0) | 200 OK [http://localhost/service_masters/new]


Processing ServiceMastersController#create (for 127.0.0.1 at 2010-02-02 18:59:10) [POST]
  Parameters: {"commit"=>"Create", "authenticity_token"=>"+LzFyJkpt1FH6VTKovUek8YsewgkGInCX5lDIILeWBk=", "service_master"=>{"total_cost"=>"", "servicer"=>"", "status_code"=>"", "hrs_actual"=>"", "hrs_est"=>"", "service_desc"=>""}}
  [4;35;1mServiceMaster Create (0.0ms)[0m   [0mINSERT INTO "service_masters" ("total_cost", "updated_at", "servicer", "hrs_actual", "status_code", "service_desc", "hrs_est", "created_at") VALUES(NULL, '2010-02-03 00:59:10', '', NULL, '', '', NULL, '2010-02-03 00:59:10')[0m
Redirected to http://localhost:3000/service_masters/1
Completed in 6ms (DB: 0) | 302 Found [http://localhost/service_masters]


Processing ServiceMastersController#show (for 127.0.0.1 at 2010-02-02 18:59:10) [GET]
  Parameters: {"id"=>"1"}
  [4;36;1mServiceMaster Load (0.0ms)[0m   [0;1mSELECT * FROM "service_masters" WHERE ("service_masters"."id" = 1) [0m
Rendering template within layouts/service_masters
Rendering service_masters/show
Completed in 18ms (View: 10, DB: 0) | 200 OK [http://localhost/service_masters/1]


Processing ServiceMastersController#edit (for 127.0.0.1 at 2010-02-02 18:59:13) [GET]
  Parameters: {"id"=>"1"}
  [4;35;1mServiceMaster Load (1.0ms)[0m   [0mSELECT * FROM "service_masters" WHERE ("service_masters"."id" = 1) [0m
Rendering template within layouts/service_masters
Rendering service_masters/edit
Completed in 42ms (View: 28, DB: 1) | 200 OK [http://localhost/service_masters/1/edit]


Processing ServiceMastersController#update (for 127.0.0.1 at 2010-02-02 18:59:23) [PUT]
  Parameters: {"commit"=>"Update", "authenticity_token"=>"+LzFyJkpt1FH6VTKovUek8YsewgkGInCX5lDIILeWBk=", "id"=>"1", "service_master"=>{"total_cost"=>"", "servicer"=>"", "status_code"=>"", "hrs_actual"=>"", "hrs_est"=>"1.0", "service_desc"=>"test"}}
  [4;36;1mServiceMaster Load (0.0ms)[0m   [0;1mSELECT * FROM "service_masters" WHERE ("service_masters"."id" = 1) [0m
  [4;35;1mServiceMaster Update (1.0ms)[0m   [0mUPDATE "service_masters" SET "service_desc" = 'test', "hrs_est" = 1.0, "updated_at" = '2010-02-03 00:59:23' WHERE "id" = 1[0m
Redirected to http://localhost:3000/service_masters/1
Completed in 29ms (DB: 1) | 302 Found [http://localhost/service_masters/1]


Processing ServiceMastersController#show (for 127.0.0.1 at 2010-02-02 18:59:23) [GET]
  Parameters: {"id"=>"1"}
  [4;36;1mServiceMaster Load (0.0ms)[0m   [0;1mSELECT * FROM "service_masters" WHERE ("service_masters"."id" = 1) [0m
Rendering template within layouts/service_masters
Rendering service_masters/show
Completed in 16ms (View: 0, DB: 0) | 200 OK [http://localhost/service_masters/1]


Processing ServiceMastersController#edit (for 127.0.0.1 at 2010-02-02 18:59:26) [GET]
  Parameters: {"id"=>"1"}
  [4;35;1mServiceMaster Load (0.0ms)[0m   [0mSELECT * FROM "service_masters" WHERE ("service_masters"."id" = 1) [0m
Rendering template within layouts/service_masters
Rendering service_masters/edit
Completed in 31ms (View: 17, DB: 0) | 200 OK [http://localhost/service_masters/1/edit]


Processing ServiceMastersController#edit (for 127.0.0.1 at 2010-02-02 19:06:09) [GET]
  Parameters: {"id"=>"1"}
  [4;36;1mServiceMaster Load (0.0ms)[0m   [0;1mSELECT * FROM "service_masters" WHERE ("service_masters"."id" = 1) [0m
Rendering template within layouts/service_masters
Rendering service_masters/edit
Completed in 31ms (View: 16, DB: 0) | 200 OK [http://localhost/service_masters/1/edit]


Processing ServiceMastersController#update (for 127.0.0.1 at 2010-02-02 19:06:21) [PUT]
  Parameters: {"commit"=>"Update", "authenticity_token"=>"+LzFyJkpt1FH6VTKovUek8YsewgkGInCX5lDIILeWBk=", "id"=>"1", "service_master"=>{"total_cost"=>"", "servicer"=>"", "status_code"=>"", "hrs_actual"=>"", "hrs_est"=>"", "service_desc"=>""}}
  [4;35;1mServiceMaster Load (0.0ms)[0m   [0mSELECT * FROM "service_masters" WHERE ("service_masters"."id" = 1) [0m
Rendering template within layouts/service_masters
Rendering service_masters/edit
Completed in 47ms (View: 31, DB: 0) | 200 OK [http://localhost/service_masters/1]


Processing ServiceMastersController#update (for 127.0.0.1 at 2010-02-02 19:06:31) [PUT]
  Parameters: {"commit"=>"Update", "authenticity_token"=>"+LzFyJkpt1FH6VTKovUek8YsewgkGInCX5lDIILeWBk=", "id"=>"1", "service_master"=>{"total_cost"=>"", "servicer"=>"", "status_code"=>"", "hrs_actual"=>"", "hrs_est"=>"", "service_desc"=>"test1"}}
  [4;36;1mServiceMaster Load (1.0ms)[0m   [0;1mSELECT * FROM "service_masters" WHERE ("service_masters"."id" = 1) [0m
Rendering template within layouts/service_masters
Rendering service_masters/edit
Completed in 53ms (View: 34, DB: 1) | 200 OK [http://localhost/service_masters/1]


Processing ServiceMastersController#update (for 127.0.0.1 at 2010-02-02 19:06:39) [PUT]
  Parameters: {"commit"=>"Update", "authenticity_token"=>"+LzFyJkpt1FH6VTKovUek8YsewgkGInCX5lDIILeWBk=", "id"=>"1", "service_master"=>{"total_cost"=>"", "servicer"=>"", "status_code"=>"", "hrs_actual"=>"", "hrs_est"=>"1.0", "service_desc"=>"test1"}}
  [4;35;1mServiceMaster Load (0.0ms)[0m   [0mSELECT * FROM "service_masters" WHERE ("service_masters"."id" = 1) [0m
Rendering template within layouts/service_masters
Rendering service_masters/edit
Completed in 66ms (View: 55, DB: 0) | 200 OK [http://localhost/service_masters/1]


Processing ServiceMastersController#update (for 127.0.0.1 at 2010-02-02 19:06:51) [PUT]
  Parameters: {"commit"=>"Update", "authenticity_token"=>"+LzFyJkpt1FH6VTKovUek8YsewgkGInCX5lDIILeWBk=", "id"=>"1", "service_master"=>{"total_cost"=>"", "servicer"=>"", "status_code"=>"AN", "hrs_actual"=>"", "hrs_est"=>"1.0", "service_desc"=>"test1"}}
  [4;36;1mServiceMaster Load (1.0ms)[0m   [0;1mSELECT * FROM "service_masters" WHERE ("service_masters"."id" = 1) [0m
  [4;35;1mServiceMaster Update (1.0ms)[0m   [0mUPDATE "service_masters" SET "status_code" = 'AN', "service_desc" = 'test1', "updated_at" = '2010-02-03 01:06:51' WHERE "id" = 1[0m
Redirected to http://localhost:3000/service_masters/1
Completed in 27ms (DB: 2) | 302 Found [http://localhost/service_masters/1]


Processing ServiceMastersController#show (for 127.0.0.1 at 2010-02-02 19:06:52) [GET]
  Parameters: {"id"=>"1"}
  [4;36;1mServiceMaster Load (0.0ms)[0m   [0;1mSELECT * FROM "service_masters" WHERE ("service_masters"."id" = 1) [0m
Rendering template within layouts/service_masters
Rendering service_masters/show
Completed in 31ms (View: 16, DB: 0) | 200 OK [http://localhost/service_masters/1]
